<?xml version="1.0" encoding="UTF-8"?>
<!-- Generated by org.testng.reporters.JUnitReportReporter -->
<testsuite hostname="DESKTOP-LFTH5SB" failures="0" tests="3" name="com.abc.testrunner.Testrunnerwithtestng" time="15.946" errors="0" timestamp="2022-06-23T19:42:31 IST" skipped="0">
  <testcase classname="com.abc.testrunner.Testrunnerwithtestng" name="runScenario" time="1.436"/>
  <system-out/>
  <testcase classname="com.abc.testrunner.Testrunnerwithtestng" name="runScenario" time="1.526"/>
  <system-out/>
  <testcase classname="com.abc.testrunner.Testrunnerwithtestng" name="runScenario" time="12.984"/>
  <system-out/>
</testsuite> <!-- com.abc.testrunner.Testrunnerwithtestng -->
